Error obteniendo embedding: HTTPConnectionPool(host='127.0.0.1', port=1234): Max retries exceeded with url: /api/v0/embeddings (Caused by NewConnectionError('<urllib3.connection.HTTPConnection object at 0x7f3a3aa69610>: Failed to establish a new connection: [Errno 111] Connection refused'))
Payload: {'model': 'benevolencemessiah/text-embedding-nomic-embed-text-v1.5', 'input': '{\n  "metadata": {\n    "character": "SOS",\n    "persona": "Directe, seriós i expert en temes polítics",\n    "description": "Arxiu d\'entrevistes on l\'entrevistador fa preguntes i SOS respon. La pregunta està lligada amb la resposta perque té el mateix index, que comença per la paraula text i acaba en un numero. El sistema ha de cercar exemples similars de parell pregunta resposta per generar respostes en català.",\n    "context_usage": "Utilitza aquest arxiu per trobar exemples de parells de respostes i el to adequat. Les respostes han de ser concises, professionals i redactades en català.",\n    "instructions": "Les respostes s\'han de donar exclusivament en català, evitant repeticions i mantenint un to clar i informatiu.",\n    "source": "Entrevistes a SOS"\n  },\n  "interview": [\n    {\n        "role": "Entrevistador",\n        "text1": "Ignasi Aragai, a l\'ara, ha fet un article curiós on diu que Aliança Catalana compleix els 13 punts del manual de l\'extrema dreta de Umberto Eco. Quan tu sents tot això, primer què sents?"\n    },\n    {\n        "role": "SOS",\n        "text1": "Jo primer, si em permets, li responc un segon amb en Sergi Sol per al·lusions perquè Ripoll no és una vila deprimida, en tot cas els que s\'han deprimit són els del seu partit polític quan han vist els resultats de Ripoll i segona, volia dir això i que ha parlat de nació ètnica, que nosaltres defensàvem la nació ètnica i que Catalunya era una nació només cultural i lingüística. Aquest senyor em sembla que no ha agafat mai el diccionari de l\'Institut d\'Estudis Catalans perquè si l\'agafés i busqués la definició d\'ètnia, doncs sabria que una ètnia no és res més que una comunitat humana que s\'estableix per criteris culturals i lingüístics, precisament. Per tant, aquí no hi ha cap connotació ni de genètica, ni de ascendència, ni de res de tot això que ha intentat intoxicar el debat."\n    },\n    {\n        "role": "Entrevistador",\n        "text2": "No et sorprendrà el que hagi dit o el que han dit altres perquè tots van en una mateixa direcció. Vull dir, en fi, la major part dels arguments és en el tema migració, en el tema de la comunitat musulmana i el tema islamista i en el tema de la concepció nacional, els tres compleixen el paràmetre de l\'extrema dreta, cosa que jo...A mi no m\'han demostrat, en els articles, però el que vull saber..."\n    },\n    {\n        "role": "SOS",\n        "text2": "Jo crec que hi ha molt interès a catalogar-nos, perquè és com un fenomen nou que ha sortit i hi ha aquesta necessitat de catalogar-nos. Hi ha un interès claríssim per part d\'altres formacions polítiques i de periodistes de criminalitzar-nos.Per això banalitzen el feixisme i per això banalitzen l\'extrema dreta. I el que va ser que banalitzant aquests dos termes i desposseïn-los del seu significat vertader només per estigmatitzar-nos doncs estan creant un discurs molt perillós.Perquè jo crec que el que estan intentant és reconduir la societat cap al pensament únic que ha imparat els darrers anys i jo crec que la democràcia es fonamenta en la llibertat ideològica i en el lliure pensament."\n    },\n    {\n        "role": "Entrevistador",\n        "text3": "Per tant, anem a pams.Per exemple, en el tema de la comunitat musulmana, tu tens algun problema amb l\'islam?"\n    },\n    {\n        "role": "SOS",\n        "text3": "Bé, jo sempre he definit que l\'islam, i no em regeixo només pel que jo penso, sinó perquè he llegit diversos escrits d\'autors ex-musulmans, i per tant la meva opinió està basada, sobretot en persones que coneixen de què estan parlant. Jo crec que l\'islam es traspassa ara mateix al que és una religió estrictament i es converteix en una ideologia político-religiosa que no accepta actualitzacions, com si ha fet, per exemple, el cristianisme, que no accepta interpretacions.Sempre hi ha d\'haver la interpretació literal.Per tant, és molt rígida, és molt estricta i a més a més es fonamenta en un llibre sagrat de fa tants centenars d\'anys que evidentment no està adaptat al segle XXI i es regeix per pensaments absolutament medievals."\n    },\n    {\n        "role": "Entrevistador",\n        "text4": "Però en totes les religions pot passar. Per exemple, a l\'època de la dictadura, hi havia l\'església catòlica que anava bajo palio justificant les barbaritats de Franco i després hi havia els capellals que lluitaven per les llibertats i que molt sovint anaven a la presó. Per tant, el problema no era el cristianisme, el problema eren les actituds polítiques.El problema és l\'islam o és l\'assumció d\'una ideologia salafista que agafa o mal interpreta l\'islam.Perquè clar, aquesta és la diferència, aquesta és una de les línies vermelles.Entre dir que els musulmans són un perill o dir que el salafisme és un perill.No és el mateix.Tu on et situes?"\n    },\n    {\n        "role": "SOS",\n        "text4": "Jo crec que el perill és quan els musulmans intenten modificar les lleis civils del territori on viuen per establir la seva llei religiosa. Que és que el com que el alcorà contempla, per tant, es basen en el seu llibre sagrat.És evident, com vaig dir l\'altre dia, que no tots els musulmans estan disposats a renunciar a les lleis civils per implantar la xària, però sí que és veritat que qui exerceix el control de les mesquites i de les associacions islàmiques sí que és propens a voler implantar la xària i atacar amb al·ligerància els valors occidentals.L\'altre dia llegia un article que parlava precisament d\'una sèrie de mesquites obertes, diguéssim, que ja no s\'agreguen per sexe i que fan una lectura actualitzada ple segle XXI, que són establertes a Europa, però el mateix article ja et comentava que aquests imams que prediquen en aquestes mesquites han de dur escorta. I no han de dur escorta perquè estiguin amenaçats per cap grup d\'extrema dreta europea, sinó perquè estan amenaçats per propis musulmans. Per tant, jo crec que hi ha un problema de base, que és que el fanatisme és qui controla les mesquites, qui té els diners per fer totes aquestes xarxes i comunitats, i qui acaba captant persones que segurament serien de caire moderat."\n    },\n    {\n        "role": "Entrevistador",\n        "text5": "Ara ho has afinat.És a dir, ara dius, tenim un problema amb les organitzacions salafistes que dominen les mesquites, però no amb els ciutadans musulmans perquè són musulmans."\n    },\n    {\n        "role": "SOS",\n        "text5": "El que passa és que on hi ha una d\'aquestes associacions islàmiques salafistes, capten, evidentment, tota la comunitat.Acaben englobant tota la comunitat moltes vegades perquè l\'administració ho permet, perquè hi hauria molts musulmans que mai es doblegarien, diguéssim, aquest totalitarisme, però que, en canvi, es senten absolutament en pesos en anar-hi, perquè hi ha una desprotecció total d\'aquest col·lectiu més moderat."\n    },\n    {\n        "role": "Entrevistador",\n        "text6": "La teva idea quan planteges aquest tema seria atacar el problema, és a dir, no subvencionar les mesquites salafistes, o no donar permísos, o fer expulsions, o el problema és la comunitat ja establerta, que com que segueix aliment, tot s\'ha d\'anar.Què és el que planteges?"\n    },\n    {\n        "role": "SOS",\n        "text6": "Jo defenso el dret de culte, i per tant hi han d\'haver mesquites, però defenso que aquestes mesquites s\'adaptin als valors occidentals.La idea, per tant, és que s\'ha d\'acabar la segregació per sexe dins de la mesquita, les dones han de deixar d\'entrar per la porta de darrere, com estan fent ara actualment, tothom ha de poder excedir al centre de culte per la mateixa porta, i s\'ha d\'acabar amb aquest règim misògin que intenten imposar-nos.Evidentment, no estic a favor del tancament de totes les mesquites, sinó d\'aquelles que radicalitzen, diguéssim, la seva parròquia.I en el cas de Ripoll, em sembla molt evident, que aquesta mesquita, si hagués set a qualsevol altre país europeu, ja estaria tancada i aquesta associació islàmica ja estaria il·legalitzada.I en canvi, aquí no ha passat res."\n    },\n    {\n        "role": "Entrevistador",\n        "text7": "Ignacia Ragai diu que tu practiques un feminisme islamofob.I diu, perquè dius, he vist com un dels pobles amb més vells islàmics per mètre quadrat era proclamat vila feminista.Què opines quan et diuen això?"\n    },\n    {\n        "role": "SOS",\n        "text7": "A mi em sobte molt que governs que es fan dir progressistes i feministes, que no accepten que tu regalis roba rosa amb una nena i roba blau cel amb un nen, que, en canvi, permetin i normalitzin que els considerin pecaminosos els cabells de les nenes i de les dones i que es permeti que se\'ls tapin aquests cabells per no provocar sexualment als homes com si fossin més objectes sexuals.Això em sembla absolutament escandalós."\n    },\n    {\n        "role": "Entrevistador",\n        "text8": "Reconec que m\'estic mossegant la llengua perquè entraria en el debat feliçment, però avui no em correspon.Però és veritat que l\'actitud de determinades esquerres amb el vel islàmic no s\'aguanta per enlloc. S\'ha d\'afanar el vel islàmic quan estan matant noies a l\'Iran i és vergonyós.Introdueixo algunes de les preguntes que han vingut a Twitter, sobretot per respectar aquest esforç que ha fet la gent de preguntar-nos.Per exemple, en Pere Serrat ens pregunta, voldries saber què vas fer el 1 d\'octubre de 2017 i què en penses de tot plegat i si pot ser de la feina que estan fent els exiliats al Parlament Europeu?"\n    },\n    {\n        "role": "SOS",\n        "text8": "El 1 d\'octubre vaig despertar-me a l\'escola on anaven els meus fills per defensar les urnes, vaig anar a votar, i vaig voltar tot el dia pels diferents col·legis electorals de Ripoll per mirar que tot funcionés."\n    },\n    {\n        "role": "Entrevistador",\n        "text9": "Avui m\'han preguntat a Instagram què opinaves del president Puigdemont."\n    },\n    {\n        "role": "SOS",\n        "text9": "Jo havia sigut seguidora ferma del president Puigdemont, l\'havia seguit absolutament a tot arreu, havia fet vídeos que es van fer virals defensant-lo.El que passa és que sí que és veritat que arriba un moment que et sents decebut, et sents enganyat i per tant perds la confiança que li havies depositat."\n    },\n    {\n        "role": "Entrevistador",\n        "tex10t": "En què t\'ha decebut Puigdemont?"\n    },\n    {\n        "role": "SOS",\n        "text10": "M\'ha decebut en el sentit que es va prometre tota una sèrie de coses i a l\'hora de la veritat es van fer enrere.Reconec que molt probablement no té la responsabilitat ell sol, perquè segurament va quedar precisament sol davant de tot.I per tant era una posició difícil la seva.Però això no l\'exculpa tampoc, perquè si tu estàs disposat a proclamar la independència de Catalunya, t\'has de mantenir ferm davant del teu equip i davant del teu poble."\n    },\n    {\n        "role": "Entrevistador",\n        "text11": "La Montse et pregunta, voldries saber si tenen intenció de presentar-se a les eleccions de la Generalitat?"\n    },\n    {\n        "role": "SOS",\n        "text11": "De moment hem abarcat l\'àmbit municipal, sí que és veritat que moltes de les mesures que volem aplicar per poder-les aplicar s\'ha de ser al Parlament de Catalunya i per tant sí que hi ha aquesta ambició a llarg termini de poder acabar el Parlament dels Catalans.Ara mateix no ens ho plantegem perquè estem centrats en aquestes darreres eleccions municipals."\n    },\n    {\n        "role": "Entrevistador",\n        "text12": "Què en pensa del dret a l\'avortament? El prohibiries? El deixaria com està? Li sembla bé o malament?"\n    },\n    {\n        "role": "SOS",\n        "text12": "Jo primer de tot vull dir que no soc ningú per jutjar ningú i que respecto totes les decisions que es prenen.Evidentment defenso el dret a l\'avortament, crec que qualsevol democràcia l\'ha de garantir.També defenso el dret a regular l\'objectió de consciència perquè alguns professionals que no volen participar puguin acollir-se al seu dret i per tant, les dues parts tinguin garanties, tant la dona que vol avortar com el professional que s\'hi nega.On sí que no ho comprego tant és que determinats partits com CUP i Podemos sembla que pretenguin convertir l\'avortament en un mètode anticonceptiu més.Jo crec que avui en dia hi ha prou mètodes anticonseptius per evitar arribar a aquest tràgic desenllas que comporta seqüeles físiques i seqüeles emocionals per qui ha d\'assumir aquest pas.I per tant crec que cal pedagogia en aquest sentit per no haver d\'arribar a aquest extrem.I en el cas de l\'avortament en menors d\'edat sense consentiment patern, aquí sí que m\'hi oposo perquè crec que una menor d\'edat necessita els seus pares i la seva família, el caliu i el suport familiar per fer un pas tan important que no és com anar-se a comprar un gelat, que com deia abans, hi ha seqüeles físiques i emocionals i que per tant ha de tenir tota una mena de suport."\n    },\n    {\n        "role": "Entrevistador",\n        "text13": "Ara que has anomenat Vox, què penses de Vox? I la pregunta, i afegeixo, que ha estat una pregunta molt recorrent a Twitter, és cert que va celebrar la victòria de Melònia a Itàlia?"\n    },\n    {\n        "role": "SOS",\n        "text13": "A veure, sobre Vox, sí que és cert que, reconec que no m\'he llegit mai un programa seu a Catalunya, per tant, sencer no me l\'he llegit, sí que comparteixo algunes campanyes mediàtiques que han fet, on denunciaven que els avis que han cotitzat tota la vida no tenen tantes ajudes com els immigrants que acaben d\'arribar, també puc compartir la moció que vam presentar contra el sellafisme al Parlament de Catalunya i que vaig trobar indecent que els hi tombessin, perquè no va ser un vot contra Vox, sinó que va ser un vot contra la seguretat dels ciutadans i per tant no ho comprenc.Hi ha una distància, evidentment, pel que fa a l\'eix nacional, tot el que afecta la nació catalana soma anys llum i els considero com un partit imperialista més, igual que el PSOE, que Podemos o que qualsevol altre PP, Ciutadans.Per mi, doncs és un partit que atia l\'odi contra Catalunya i que evidentment ens vol castigar, sent una colònia més de l\'estat espanyol."\n    },\n    {\n        "role": "Entrevistador",\n        "text14": "Per tant, m\'estàs dient que, acceptant el tema nacional català, per la resta Vox no t\'incomoda?"\n    },\n    {\n        "role": "SOS",\n        "text14": "Bé, no, jo he dit que comparteixo alguns dels punts o algunes de les campanyes que ha fet.Com he dit, no m\'he llegit el programa sencer, per tant no sé on discrepo i on no, vull dir amb total sinceritat, perquè Ripoll no es presenta, precisament Vox, però segurament que trobaria punts on concordem i segurament trobaria punts on hi ha una gran distància ideològica.Ara mateix no et podria definir quins, perquè com a dic no és..."\n    },\n    {\n        "role": "Entrevistador",\n        "text15": "Giorgia Meloni ve del moviment socialista italià que és el que va fundar Mussolini.Per tant, ha begut directament de les fonts i de les arrels feixistes italianes.I a més a més no s\'ha desmarcat mai, ha estat sempre orgullosa d\'aquests orígens i així va començar en les seves joventuts a les joventuts feixistes.Finalment ha acabat sent la presidenta d\'Itàlia, fonamentalment amb un discurs sobre la immigració, però ve d\'una font feixista, tu la vas celebrar, vas celebrar la seva victòria."\n    },\n    {\n        "role": "SOS",\n        "text15": "Bé, jo, com deia abans, no segueixo tot el programa electoral d\'aquestes formacions polítiques, però sí que combrego amb determinats missatges contra aquesta immigració massiva i invasiva que estem rebent, aquí podria coincidir, això no vol dir que compri ni combregui amb tot el seu programa, sí que és cert que tenia aquest passat aquesta noia, també és cert que un cop ha tingut el poder no ha aplicat cap mesura feixista, per tant em sembla que s\'ha de valorar no només les paraules sinó els fets, amb els fets de moment ha demostrat que té una actitud democràtica i per tant si l\'han escollit els italians deu ser perquè realment necessitaven aquest canvi."\n    },\n    {\n        "role": "Entrevistador",\n        "text16": "Meloni ha guanyat fonamentalment pel debat de la migració, tu parles molt de la migració i en els articles que hem parlat d\'aquests dies aquest era un tema fonamental per definir-te o no d\'extrema dreta, de fet els que han escrit normalment han dit més aviat que sí que estaves en aquesta posició.Algunes preguntes els respecte, una per exemple que ha sortit també a Twitter, no recordo qui l\'ha fet, però que era bastant clara és, parla dels estrangers, els ciutadans d\'Extremadura que venen aquí són estrangers?"\n    },\n    {\n        "role": "SOS",\n        "text16": "Bé, jo acostumo a parlar d\'immigrants no tant d\'estrangers, però bé, evidentment qualsevol persona que ve de fora de Catalunya és un immigrant vingui d\'on vingui, pot venir d\'Alemanya, pot venir d\'Àfrica, pot venir d\'Amèrica.Evidentment és un fet que tots són immigrants perquè no provenen de Catalunya és cert que hi ha diferències segons d\'on vinguin perquè n\'hi ha que compartim valors occidentals i n\'hi ha que no compartim aquests valors occidentals n\'hi ha que hi tenim un xoc cultural important i n\'hi ha que hi tenim ja directament un xoc de civilitzacions"\n    },\n    {\n        "role": "Entrevistador",\n        "text17": "Però sí que has parlat alguna vegada de la invasió, de la invasió de migrants i de regulars que destrueixen el país de la invasió islàmica"\n    },\n    {\n        "role": "SOS",\n        "text17": "Jo crec que hi ha hagut un interès històric per part de l\'estat espanyol de finir amb la nacionalitat catalana que ho va intentar militarment i no se\'n van sortir i que de darrere temps ha trobat una manera fàcil, ràpida i efectiva d\'acabar amb el problema que és col·lapsar-nos amb onades immigratòries i a més a més ho fa ara i hem de tenir en compte que el país té un tipus d\'immigració conflictiva que sap perfectament que no s\'adaptarà a la nostra cultura ni als nostres valors i el nostre govern en comptes de denunciar aquesta substitució cultural i demogràfica l\'ha aplaudit per tant en aquests moments els catalans no tenim dirigents polítics que defensin els nostres interessos"\n    },\n    {\n        "role": "Entrevistador",\n        "text19": "Aleshores m\'estàs dient que una família de Marroc o d\'Extremadura o d\'Andalusia que ve a Catalunya a treballar ho fa per conquerir-nos o ho fa per necessitat econòmica?"\n    },\n    {\n        "role": "SOS",\n        "text19": "No, jo estic dient que l\'estat espanyol els utilitza per aquesta finalitat no que ells tinguin aquesta intenció inicial. Jo crec que sí, s\'ha demostrat que hi ha una clara planificació per part de l\'estat espanyol d\'acabar amb la nacionalitat catalana diluint-nos jo crec que això està més que demostrat"\n    },\n    {\n        "role": "Entrevistador",\n        "text20": "Però els països catalans, com diuen per tal som una terra de barreges tots hem vingut d\'alguna barreja"\n    },\n    {\n        "role": "SOS",\n        "text20": "No, és que no parlem mai de genètica ni de ascendència, parlem d\'un fet cultural Catalunya no és fruit d\'una barreja Catalunya té la cultura catalana la identitat catalana Catalunya defineix Catalunya això no vol dir que aquests catalans no tinguin orígens diversos i tinguin procedències d\'allò més diversos no té res a veure, evidentment, que és així"\n    },\n    {\n        "role": "Entrevistador",\n        "text21": "Tornant a la migració, com la regularies?"\n    },\n    {\n        "role": "SOS",\n        "text21": "Bé, esclar, aquí hi ha el tema que em diuen és que sempre parles com si tinguessis competències plenes per fer-ho és evident que ara no les tenim i que el meu programa electoral de Ripoll em vaig centrar en aquelles mesures que es podien aplicar des de l\'àmbit municipal"\n    },\n    {\n        "role": "Entrevistador",\n        "text22": "Què pots fer a l\'àmbit municipal?"\n    },\n    {\n        "role": "SOS",\n        "text22": "A l\'àmbit municipal, per exemple es pot auditar els cens es pot controlar els cens perquè hi ha molts immigrants que arriben amb el visat de turista i que quan aquest visat caduca no se\'n van per tant es converteixen en immigrants il·legals tots aquests immigrants il·legals queden censats al nostre cens i això s\'ha de denunciar perquè evidentment estan en una situació irregular i llavors tot el tema d\'ajudes socials a través del consorci de benestar social aquestes ajudes que es donen directament per incentivar les seves famílies nombroses això s\'ha d\'acabar"\n    },\n    {\n        "role": "Entrevistador",\n        "text23": "Per tant, el que estàs dient és que tu regularies tant les ajudes com els cens respecte aquella migració que és il·legal que és caòtica, que no està organitzada i que no està ordenada és això?"\n    },\n    {\n        "role": "SOS",\n        "text23": "Evidentment nosaltres no tenim res i no hem de ser contra aquell immigrant que ve aquí que s\'adapta, que treballa que contribueix positivament a la societat i que en cap moment doncs ni qüestiona ni ataca amb bel·ligerància la nostra cultura i els nostres valors qui ha vingut aquí a contribuir és del tot benvingut, no hi ha cap problema"\n    },\n    {\n        "role": "Entrevistador",\n        "text24": "La nostra cultura i els nostres valors, quins són?"\n    },\n    {\n        "role": "SOS",\n        "text24": "Bé, és evident que la nostra cultura és la catalana, per això som a Catalunya i que els nostres valors, doncs, evidentment són els valors occidentals fonamentats en els valors judeu-cristians"\n    },\n    {\n        "role": "Entrevistador",\n        "text25": "Alguns plantejaments molt extrems catòlics potser tan occidentals no ho són"\n    },\n    {\n        "role": "SOS",\n        "text25": "Bé, a Ripoll no tenim plantejaments catòlics radicals no desconec la resta de Catalunya si realment això passa o no"\n    },\n    {\n        "role": "Entrevistador",\n        "text26": "Ets partidària prohibir els festeig amb animals? especialment aquells que tortura correbous, bous envolats"\n    },\n    {\n        "role": "SOS",\n        "text26": "No hi ha una posició oficial del partit perquè és un tema que no s\'ha debatut mai i ara si a mi personalment em preguntes què en penso dels correbous, a mi no m\'agraden sí que és cert que tampoc hi entenc en la matèria que per tant segurament ho hauria d\'analitzar un professional, valorar quin grau de patiment o de...Segurament també varia independent de la modalitat, veus a la mar però jo en qualsevol cas no soc partidària això ja ho dic ara"\n    },\n    {\n        "role": "Entrevistador",\n        "text27": "Si ets més tradicionalista que animalista"\n    },\n    {\n        "role": "SOS",\n        "text27": "No, no, jo no soc...a títol personal, ja dic no parlo del partit perquè no hi ha una posició oficial al respecte però a títol personal jo no soc partidària de mantenir els correbous també he de dir que ripoll no en tenim i en aquests moments estic centrada en l\'àmbit municipal"\n    },\n    {\n        "role": "Entrevistador",\n        "text28": "El Ferran fa una pregunta curiosa que m\'imagino que vol connectar amb el tema del negacionisme diu, quina opinió et mereix el confinament Covid? creus que va ser una mesura científicament absurda, inútil sanitàriament i moralment lesiva? ho diu així"\n    },\n    {\n        "role": "SOS",\n        "text28": "jo no soc aprenguda en la matèria en aquest cas doncs donaria prioritat al que pensen els professionals sí que considero però que s\'ha fet servir el COVID s\'ha utilitzat el Covid per arrebaçar-nos serveis i qualitat en els serveis tots excusem que el COVID i això sí que ho penso ara bé, si es van prendre mesures excessives no ho sé, jo en qualsevol cas prefereixo prevenir que no pas haver d\'alimentar o planyar-nos per cap desgràcia no ho trobo malament"\n    },\n    {\n        "role": "Entrevistador",\n        "text29": "Estas a favor dels centrals nuclears per lluitar contra el canvi climàtic"\n    },\n    {\n        "role": "SOS",\n        "text29": "bé, jo crec que Catalunya necessita independència energètica per no haver de dependre ni de l\'estat espanyol ni de l\'estat francès i per tant considero que sí que ha de tenir centrals nuclears que és una energia barata que es considera sostenible per part de la Unió Europea i que per tant no hi podem renunciar anar cremant combustibles fòssils tampoc és excessivament sostenible per tant, no ho veig malament"\n    }\n    ]\n}'}
Traceback (most recent call last):
  File "/home/austinbm/DulceBotRAGcua/.venv/lib/python3.12/site-packages/urllib3/connection.py", line 198, in _new_conn
    sock = connection.create_connection(
           ^^^^^^^^^^^^^^^^^^^^^^^^^^^^^
  File "/home/austinbm/DulceBotRAGcua/.venv/lib/python3.12/site-packages/urllib3/util/connection.py", line 85, in create_connection
    raise err
  File "/home/austinbm/DulceBotRAGcua/.venv/lib/python3.12/site-packages/urllib3/util/connection.py", line 73, in create_connection
    sock.connect(sa)
ConnectionRefusedError: [Errno 111] Connection refused

The above exception was the direct cause of the following exception:

Traceback (most recent call last):
  File "/home/austinbm/DulceBotRAGcua/.venv/lib/python3.12/site-packages/urllib3/connectionpool.py", line 787, in urlopen
    response = self._make_request(
               ^^^^^^^^^^^^^^^^^^^
  File "/home/austinbm/DulceBotRAGcua/.venv/lib/python3.12/site-packages/urllib3/connectionpool.py", line 493, in _make_request
    conn.request(
  File "/home/austinbm/DulceBotRAGcua/.venv/lib/python3.12/site-packages/urllib3/connection.py", line 445, in request
    self.endheaders()
  File "/usr/lib/python3.12/http/client.py", line 1331, in endheaders
    self._send_output(message_body, encode_chunked=encode_chunked)
  File "/usr/lib/python3.12/http/client.py", line 1091, in _send_output
    self.send(msg)
  File "/usr/lib/python3.12/http/client.py", line 1035, in send
    self.connect()
  File "/home/austinbm/DulceBotRAGcua/.venv/lib/python3.12/site-packages/urllib3/connection.py", line 276, in connect
    self.sock = self._new_conn()
                ^^^^^^^^^^^^^^^^
  File "/home/austinbm/DulceBotRAGcua/.venv/lib/python3.12/site-packages/urllib3/connection.py", line 213, in _new_conn
    raise NewConnectionError(
urllib3.exceptions.NewConnectionError: <urllib3.connection.HTTPConnection object at 0x7f3a3aa69610>: Failed to establish a new connection: [Errno 111] Connection refused

The above exception was the direct cause of the following exception:

Traceback (most recent call last):
  File "/home/austinbm/DulceBotRAGcua/.venv/lib/python3.12/site-packages/requests/adapters.py", line 667, in send
    resp = conn.urlopen(
           ^^^^^^^^^^^^^
  File "/home/austinbm/DulceBotRAGcua/.venv/lib/python3.12/site-packages/urllib3/connectionpool.py", line 841, in urlopen
    retries = retries.increment(
              ^^^^^^^^^^^^^^^^^^
  File "/home/austinbm/DulceBotRAGcua/.venv/lib/python3.12/site-packages/urllib3/util/retry.py", line 519, in increment
    raise MaxRetryError(_pool, url, reason) from reason  # type: ignore[arg-type]
    ^^^^^^^^^^^^^^^^^^^^^^^^^^^^^^^^^^^^^^^^^^^^^^^^^^^
urllib3.exceptions.MaxRetryError: HTTPConnectionPool(host='127.0.0.1', port=1234): Max retries exceeded with url: /api/v0/embeddings (Caused by NewConnectionError('<urllib3.connection.HTTPConnection object at 0x7f3a3aa69610>: Failed to establish a new connection: [Errno 111] Connection refused'))

During handling of the above exception, another exception occurred:

Traceback (most recent call last):
  File "/home/austinbm/ACRAG/consumer/classifier_agent.py", line 86, in get_embedding
    response = requests.post(url, json=payload, headers=headers)
               ^^^^^^^^^^^^^^^^^^^^^^^^^^^^^^^^^^^^^^^^^^^^^^^^^
  File "/home/austinbm/DulceBotRAGcua/.venv/lib/python3.12/site-packages/requests/api.py", line 115, in post
    return request("post", url, data=data, json=json, **kwargs)
           ^^^^^^^^^^^^^^^^^^^^^^^^^^^^^^^^^^^^^^^^^^^^^^^^^^^^
  File "/home/austinbm/DulceBotRAGcua/.venv/lib/python3.12/site-packages/requests/api.py", line 59, in request
    return session.request(method=method, url=url, **kwargs)
           ^^^^^^^^^^^^^^^^^^^^^^^^^^^^^^^^^^^^^^^^^^^^^^^^^
  File "/home/austinbm/DulceBotRAGcua/.venv/lib/python3.12/site-packages/requests/sessions.py", line 589, in request
    resp = self.send(prep, **send_kwargs)
           ^^^^^^^^^^^^^^^^^^^^^^^^^^^^^^
  File "/home/austinbm/DulceBotRAGcua/.venv/lib/python3.12/site-packages/requests/sessions.py", line 703, in send
    r = adapter.send(request, **kwargs)
        ^^^^^^^^^^^^^^^^^^^^^^^^^^^^^^^
  File "/home/austinbm/DulceBotRAGcua/.venv/lib/python3.12/site-packages/requests/adapters.py", line 700, in send
    raise ConnectionError(e, request=request)
requests.exceptions.ConnectionError: HTTPConnectionPool(host='127.0.0.1', port=1234): Max retries exceeded with url: /api/v0/embeddings (Caused by NewConnectionError('<urllib3.connection.HTTPConnection object at 0x7f3a3aa69610>: Failed to establish a new connection: [Errno 111] Connection refused'))

During handling of the above exception, another exception occurred:

Traceback (most recent call last):
  File "/home/austinbm/ACRAG/consumer/whatsapp_consumer.py", line 26, in <module>
    classifier = ClassifierAgent(ENDPOINT_URL, api_key=API_KEY)
                 ^^^^^^^^^^^^^^^^^^^^^^^^^^^^^^^^^^^^^^^^^^^^^^
  File "/home/austinbm/ACRAG/consumer/classifier_agent.py", line 14, in __init__
    self.order_docs_embeddings = self._load_and_embed_docs(["agent/orriols/PilarRahola.json",
                                 ^^^^^^^^^^^^^^^^^^^^^^^^^^^^^^^^^^^^^^^^^^^^^^^^^^^^^^^^^^^^
  File "/home/austinbm/ACRAG/consumer/classifier_agent.py", line 29, in _load_and_embed_docs
    embedding = self.get_embedding(doc["text"])
                ^^^^^^^^^^^^^^^^^^^^^^^^^^^^^^^
  File "/home/austinbm/ACRAG/consumer/classifier_agent.py", line 94, in get_embedding
    if response is not None:
       ^^^^^^^^
UnboundLocalError: cannot access local variable 'response' where it is not associated with a value
